#
# A fatal error has been detected by the Java Runtime Environment:
#
#  EXCEPTION_ACCESS_VIOLATION (0xc0000005) at pc=0x0000000180004465, pid=5876, tid=9692
#
# JRE version: Java(TM) SE Runtime Environment (14.0.2+12) (build 14.0.2+12-46)
# Java VM: Java HotSpot(TM) 64-Bit Server VM (14.0.2+12-46, mixed mode, sharing, tiered, compressed oops, g1 gc, windows-amd64)
# Problematic frame:
# C  [rxtxSerial.dll+0x4465]
#
# No core dump will be written. Minidumps are not enabled by default on client versions of Windows
#
# If you would like to submit a bug report, please visit:
#   https://bugreport.java.com/bugreport/crash.jsp
# The crash happened outside the Java Virtual Machine in native code.
# See problematic frame for where to report the bug.
#

---------------  S U M M A R Y ------------

Command Line: -agentlib:jdwp=transport=dt_socket,address=127.0.0.1:60939,suspend=y,server=n -javaagent:C:\Users\86133\AppData\Local\JetBrains\IntelliJIdea2020.2\captureAgent\debugger-agent.jar -Dfile.encoding=UTF-8 mainApplication

Host: Intel(R) Core(TM) i7-9750H CPU @ 2.60GHz, 12 cores, 15G,  Windows 10 , 64 bit Build 19041 (10.0.19041.804)
Time: Sat Mar 20 19:23:03 2021 中国标准时间 elapsed time: 35 seconds (0d 0h 0m 35s)

---------------  T H R E A D  ---------------

Current thread (0x00000243ff0d1000):  JavaThread "AWT-EventQueue-0" [_thread_in_native, id=9692, stack(0x000000bb87c00000,0x000000bb87d00000)]

Stack: [0x000000bb87c00000,0x000000bb87d00000],  sp=0x000000bb87cfd7c0,  free space=1013k
Native frames: (J=compiled Java code, j=interpreted, Vv=VM code, C=native code)
C  [rxtxSerial.dll+0x4465]

Java frames: (J=compiled Java code, j=interpreted, Vv=VM code)
j  gnu.io.RXTXPort.nativeDrain(Z)Z+0
j  gnu.io.RXTXPort$SerialOutputStream.flush()V+92
j  helper.label.ioOperate.IOStreamOperation.writeData([B)V+39
j  helper.label.PIDHelper$1.mouseClicked(Ljava/awt/event/MouseEvent;)V+513
j  java.awt.AWTEventMulticaster.mouseClicked(Ljava/awt/event/MouseEvent;)V+21 java.desktop@14.0.2
j  java.awt.Component.processMouseEvent(Ljava/awt/event/MouseEvent;)V+74 java.desktop@14.0.2
j  javax.swing.JComponent.processMouseEvent(Ljava/awt/event/MouseEvent;)V+23 java.desktop@14.0.2
j  java.awt.Component.processEvent(Ljava/awt/AWTEvent;)V+81 java.desktop@14.0.2
j  java.awt.Container.processEvent(Ljava/awt/AWTEvent;)V+18 java.desktop@14.0.2
j  java.awt.Component.dispatchEventImpl(Ljava/awt/AWTEvent;)V+496 java.desktop@14.0.2
j  java.awt.Container.dispatchEventImpl(Ljava/awt/AWTEvent;)V+42 java.desktop@14.0.2
j  java.awt.Component.dispatchEvent(Ljava/awt/AWTEvent;)V+2 java.desktop@14.0.2
j  java.awt.LightweightDispatcher.retargetMouseEvent(Ljava/awt/Component;ILjava/awt/event/MouseEvent;)V+349 java.desktop@14.0.2
j  java.awt.LightweightDispatcher.processMouseEvent(Ljava/awt/event/MouseEvent;)Z+171 java.desktop@14.0.2
j  java.awt.LightweightDispatcher.dispatchEvent(Ljava/awt/AWTEvent;)Z+50 java.desktop@14.0.2
j  java.awt.Container.dispatchEventImpl(Ljava/awt/AWTEvent;)V+12 java.desktop@14.0.2
j  java.awt.Window.dispatchEventImpl(Ljava/awt/AWTEvent;)V+19 java.desktop@14.0.2
j  java.awt.Component.dispatchEvent(Ljava/awt/AWTEvent;)V+2 java.desktop@14.0.2
j  java.awt.EventQueue.dispatchEventImpl(Ljava/awt/AWTEvent;Ljava/lang/Object;)V+41 java.desktop@14.0.2
j  java.awt.EventQueue$4.run()Ljava/lang/Void;+32 java.desktop@14.0.2
j  java.awt.EventQueue$4.run()Ljava/lang/Object;+1 java.desktop@14.0.2
J 1280 c1 java.security.ProtectionDomain$JavaSecurityAccessImpl.doIntersectionPrivilege(Ljava/security/PrivilegedAction;Ljava/security/AccessControlContext;Ljava/security/AccessControlContext;)Ljava/lang/Object; java.base@14.0.2 (22 bytes) @ 0x00000243e3163724 [0x00000243e31631e0+0x0000000000000544]
J 1310 c1 java.awt.EventQueue.dispatchEvent(Ljava/awt/AWTEvent;)V java.desktop@14.0.2 (80 bytes) @ 0x00000243e316f38c [0x00000243e316e300+0x000000000000108c]
J 1313 c1 java.awt.EventDispatchThread.pumpOneEventForFilters(I)V java.desktop@14.0.2 (113 bytes) @ 0x00000243e317257c [0x00000243e3171da0+0x00000000000007dc]
j  java.awt.EventDispatchThread.pumpEventsForFilter(ILjava/awt/Conditional;Ljava/awt/EventFilter;)V+35 java.desktop@14.0.2
j  java.awt.EventDispatchThread.pumpEventsForHierarchy(ILjava/awt/Conditional;Ljava/awt/Component;)V+11 java.desktop@14.0.2
j  java.awt.EventDispatchThread.pumpEvents(ILjava/awt/Conditional;)V+4 java.desktop@14.0.2
j  java.awt.EventDispatchThread.pumpEvents(Ljava/awt/Conditional;)V+3 java.desktop@14.0.2
j  java.awt.EventDispatchThread.run()V+9 java.desktop@14.0.2
v  ~StubRoutines::call_stub

siginfo: EXCEPTION_ACCESS_VIOLATION (0xc0000005), reading address 0xffffffff87efefec


Register to memory mapping:

RIP=0x0000000180004465 rxtxSerial.dll
RAX=0x000000000000001c is an unknown value
RBX=0x00000243ff0d1310 points into unknown readable memory: a0 1a ef d8 f9 7f 00 00
RCX=0x000000bb87cfdedc is pointing into the stack for thread: 0x00000243ff0d1000
RDX=0x0 is NULL
RSP=0x000000bb87cfd7c0 is pointing into the stack for thread: 0x00000243ff0d1000
RBP=0x0000000000000001 is an unknown value
RSI=0x0 is NULL
RDI=0x0000000000000001 is an unknown value
R8 =0x000000bb87cfd480 is pointing into the stack for thread: 0x00000243ff0d1000
R9 =0x0000000180000000 rxtxSerial.dll
R10=0x0 is NULL
R11=0x0000000000000200 is an unknown value
R12=0xffffffff87efefe0 is an unknown value
R13=0x0 is NULL
R14=0x000000bb87cfdff0 is pointing into the stack for thread: 0x00000243ff0d1000
R15=0x00000243ff0d1000 is a thread


Registers:
RAX=0x000000000000001c, RBX=0x00000243ff0d1310, RCX=0x000000bb87cfdedc, RDX=0x0000000000000000
RSP=0x000000bb87cfd7c0, RBP=0x0000000000000001, RSI=0x0000000000000000, RDI=0x0000000000000001
R8 =0x000000bb87cfd480, R9 =0x0000000180000000, R10=0x0000000000000000, R11=0x0000000000000200
R12=0xffffffff87efefe0, R13=0x0000000000000000, R14=0x000000bb87cfdff0, R15=0x00000243ff0d1000
RIP=0x0000000180004465, EFLAGS=0x0000000000010282

Top of Stack: (sp=0x000000bb87cfd7c0)
0x000000bb87cfd7c0:   00000243ff0d1310 000000018001c4c0
0x000000bb87cfd7d0:   0000000000000000 0000000000000001
0x000000bb87cfd7e0:   000000bb87cfd840 00000243ff0d1000
0x000000bb87cfd7f0:   000000bb87cfdff0 0000000000000000
0x000000bb87cfd800:   0000000000000000 00007ff9d8a209c9
0x000000bb87cfd810:   00000008002b5bf8 000000bb87cfd910
0x000000bb87cfd820:   00000243ff0d1000 000000bb87cfd940
0x000000bb87cfd830:   0000000000000000 00007ff9d8a209c9
0x000000bb87cfd840:   00000008002b5bf8 00000243ff0d1000
0x000000bb87cfd850:   00007ff9d8d674e8 00000243ff0d1000
0x000000bb87cfd860:   00000243ff0d1000 00007ff9d87b6c72
0x000000bb87cfd870:   0000000800314588 00000243ff0d1000
0x000000bb87cfd880:   0000000000000000 0000000000000001
0x000000bb87cfd890:   0000000000000000 000000000005e0e2
0x000000bb87cfd8a0:   00000243e2a16580 000000bb87cfdec0
0x000000bb87cfd8b0:   000000000142ab3c 0000000000000000 

Instructions: (pc=0x0000000180004465)
0x0000000180004365:   02 00 00 00 e8 d2 79 00 00 85 c0 75 19 85 f6 75
0x0000000180004375:   15 e8 25 76 00 00 48 8d 15 86 91 01 00 48 8d 48
0x0000000180004385:   60 e8 9d 74 00 00 4c 8b e6 66 90 8b cd e8 49 57
0x0000000180004395:   00 00 ff c7 8b f0 85 c0 74 0f e8 04 79 00 00 83
0x00000001800043a5:   38 04 75 05 83 ff 03 7c e2 48 8d 15 0b 81 01 00
0x00000001800043b5:   48 8d 8c 24 00 07 00 00 44 8b c6 e8 c7 73 00 00
0x00000001800043c5:   85 f6 0f 84 86 00 00 00 e8 d6 78 00 00 8b 08 e8
0x00000001800043d5:   eb 77 00 00 4c 8b 03 48 8d 15 0d 81 01 00 48 8b
0x00000001800043e5:   cb 48 8b f0 41 ff 50 30 48 8b f8 48 85 c0 75 1b
0x00000001800043f5:   48 8b 03 48 8b cb ff 90 80 00 00 00 4c 8b 1b 48
0x0000000180004405:   8b cb 41 ff 93 88 00 00 00 eb 43 4c 8d 0d c9 80
0x0000000180004415:   01 00 48 8d 15 12 91 01 00 48 8d 8c 24 c0 06 00
0x0000000180004425:   00 4c 8b c6 e8 5e 73 00 00 4c 8b 1b 4c 8d 84 24
0x0000000180004435:   c0 06 00 00 48 8b d7 48 8b cb 41 ff 53 70 4c 8b
0x0000000180004445:   1b 48 8b d7 48 8b cb 41 ff 93 b8 00 00 00 45 84
0x0000000180004455:   ed 0f 85 97 00 00 00 4d 85 e4 0f 84 8e 00 00 00
0x0000000180004465:   41 83 7c 24 0c 00 0f 84 82 00 00 00 4c 8d 44 24
0x0000000180004475:   30 48 8d 4c 24 38 4d 8b cc 48 8b d3 e8 8a f4 ff
0x0000000180004485:   ff 48 8d 8c 24 80 03 00 00 41 b8 40 03 00 00 48
0x0000000180004495:   8b d0 e8 74 79 00 00 83 bc 24 18 04 00 00 01 7f
0x00000001800044a5:   4d 48 83 bc 24 30 04 00 00 00 74 42 48 8b 9c 24
0x00000001800044b5:   20 04 00 00 48 8b cb 48 8b 03 ff 90 88 00 00 00
0x00000001800044c5:   48 8b 94 24 28 04 00 00 4c 8b 1b 48 8b 12 4c 8b
0x00000001800044d5:   84 24 38 04 00 00 41 b9 02 00 00 00 48 8b cb c7
0x00000001800044e5:   44 24 20 01 00 00 00 41 ff 93 28 01 00 00 32 c0
0x00000001800044f5:   48 8b 8c 24 50 07 00 00 48 33 cc e8 db 70 00 00
0x0000000180004505:   48 8b 9c 24 a0 07 00 00 48 81 c4 60 07 00 00 41
0x0000000180004515:   5d 41 5c 5f 5e 5d c3 cc cc cc cc cc cc cc cc cc
0x0000000180004525:   cc cc cc cc cc cc cc cc cc cc cc 48 89 5c 24 08
0x0000000180004535:   48 89 6c 24 10 48 89 74 24 18 57 48 83 ec 20 48
0x0000000180004545:   8b 01 41 8b e8 48 8b fa 48 8b d9 ff 90 f8 00 00
0x0000000180004555:   00 4c 8b 13 4c 8d 0d 3c 7f 01 00 4c 8d 05 85 7f 


Stack slot to memory mapping:
stack at sp + 0 slots: 0x00000243ff0d1310 points into unknown readable memory: a0 1a ef d8 f9 7f 00 00
stack at sp + 1 slots: 0x000000018001c4c0 rxtxSerial.dll
stack at sp + 2 slots: 0x0 is NULL
stack at sp + 3 slots: 0x0000000000000001 is an unknown value
stack at sp + 4 slots: 0x000000bb87cfd840 is pointing into the stack for thread: 0x00000243ff0d1000
stack at sp + 5 slots: 0x00000243ff0d1000 is a thread
stack at sp + 6 slots: 0x000000bb87cfdff0 is pointing into the stack for thread: 0x00000243ff0d1000
stack at sp + 7 slots: 0x0 is NULL


---------------  P R O C E S S  ---------------

Threads class SMR info:
_java_thread_list=0x00000243ff5c9980, length=19, elements={
0x00000243fe353800, 0x00000243fe356000, 0x00000243febfe000, 0x00000243fec01800,
0x00000243fec05800, 0x00000243fec11000, 0x00000243fec15800, 0x00000243fec1b000,
0x00000243fe335000, 0x00000243fedb6800, 0x00000243fedfb800, 0x00000243fedd4000,
0x00000243fee7e000, 0x00000243ff07c000, 0x00000243ff086800, 0x00000243ff1e2000,
0x00000243ff0d1000, 0x00000243da1f5000, 0x00000243fede1000
}

Java Threads: ( => current thread )
  0x00000243fe353800 JavaThread "Reference Handler" daemon [_thread_blocked, id=12552, stack(0x000000bb86c00000,0x000000bb86d00000)]
  0x00000243fe356000 JavaThread "Finalizer" daemon [_thread_blocked, id=7624, stack(0x000000bb86d00000,0x000000bb86e00000)]
  0x00000243febfe000 JavaThread "Signal Dispatcher" daemon [_thread_blocked, id=17312, stack(0x000000bb86e00000,0x000000bb86f00000)]
  0x00000243fec01800 JavaThread "Attach Listener" daemon [_thread_blocked, id=13748, stack(0x000000bb86f00000,0x000000bb87000000)]
  0x00000243fec05800 JavaThread "Service Thread" daemon [_thread_blocked, id=8652, stack(0x000000bb87000000,0x000000bb87100000)]
  0x00000243fec11000 JavaThread "C2 CompilerThread0" daemon [_thread_blocked, id=6096, stack(0x000000bb87100000,0x000000bb87200000)]
  0x00000243fec15800 JavaThread "C1 CompilerThread0" daemon [_thread_blocked, id=444, stack(0x000000bb87200000,0x000000bb87300000)]
  0x00000243fec1b000 JavaThread "Sweeper thread" daemon [_thread_blocked, id=10496, stack(0x000000bb87300000,0x000000bb87400000)]
  0x00000243fe335000 JavaThread "Common-Cleaner" daemon [_thread_blocked, id=11792, stack(0x000000bb87400000,0x000000bb87500000)]
  0x00000243fedb6800 JavaThread "JDWP Transport Listener: dt_socket" daemon [_thread_blocked, id=13612, stack(0x000000bb87600000,0x000000bb87700000)]
  0x00000243fedfb800 JavaThread "JDWP Event Helper Thread" daemon [_thread_blocked, id=7000, stack(0x000000bb87700000,0x000000bb87800000)]
  0x00000243fedd4000 JavaThread "JDWP Command Reader" daemon [_thread_in_native, id=1616, stack(0x000000bb87800000,0x000000bb87900000)]
  0x00000243fee7e000 JavaThread "Notification Thread" daemon [_thread_blocked, id=6604, stack(0x000000bb87900000,0x000000bb87a00000)]
  0x00000243ff07c000 JavaThread "Java2D Disposer" daemon [_thread_blocked, id=13768, stack(0x000000bb87b00000,0x000000bb87c00000)]
  0x00000243ff086800 JavaThread "AWT-Windows" daemon [_thread_in_native, id=14992, stack(0x000000bb87d00000,0x000000bb87e00000)]
  0x00000243ff1e2000 JavaThread "AWT-Shutdown" [_thread_blocked, id=16796, stack(0x000000bb87500000,0x000000bb87600000)]
=>0x00000243ff0d1000 JavaThread "AWT-EventQueue-0" [_thread_in_native, id=9692, stack(0x000000bb87c00000,0x000000bb87d00000)]
  0x00000243da1f5000 JavaThread "DestroyJavaVM" [_thread_blocked, id=4252, stack(0x000000bb86500000,0x000000bb86600000)]
  0x00000243fede1000 JavaThread "Thread-0" [_thread_in_native, id=16260, stack(0x000000bb87e00000,0x000000bb87f00000)]

Other Threads:
  0x00000243fe34c800 VMThread "VM Thread" [stack: 0x000000bb86b00000,0x000000bb86c00000] [id=15544]
  0x00000243fee7e800 WatcherThread [stack: 0x000000bb87a00000,0x000000bb87b00000] [id=5652]
  0x00000243da257800 GCTaskThread "GC Thread#0" [stack: 0x000000bb86600000,0x000000bb86700000] [id=15528]
  0x00000243ff21b000 GCTaskThread "GC Thread#1" [stack: 0x000000bb87f00000,0x000000bb88000000] [id=5028]
  0x00000243ff245800 GCTaskThread "GC Thread#2" [stack: 0x000000bb88000000,0x000000bb88100000] [id=6224]
  0x00000243ff246800 GCTaskThread "GC Thread#3" [stack: 0x000000bb88100000,0x000000bb88200000] [id=7752]
  0x00000243ff22b800 GCTaskThread "GC Thread#4" [stack: 0x000000bb88200000,0x000000bb88300000] [id=9752]
  0x00000243ff22c000 GCTaskThread "GC Thread#5" [stack: 0x000000bb88300000,0x000000bb88400000] [id=14052]
  0x00000243da279800 ConcurrentGCThread "G1 Main Marker" [stack: 0x000000bb86700000,0x000000bb86800000] [id=8412]
  0x00000243da27a800 ConcurrentGCThread "G1 Conc#0" [stack: 0x000000bb86800000,0x000000bb86900000] [id=2196]
  0x00000243fe23c000 ConcurrentGCThread "G1 Refine#0" [stack: 0x000000bb86900000,0x000000bb86a00000] [id=2916]
  0x00000243fe23d000 ConcurrentGCThread "G1 Young RemSet Sampling" [stack: 0x000000bb86a00000,0x000000bb86b00000] [id=9792]

Threads with active compile tasks:

VM state:not at safepoint (normal execution)

VM Mutex/Monitor currently owned by a thread: None

Heap address: 0x0000000702200000, size: 4062 MB, Compressed Oops mode: Zero based, Oop shift amount: 3
Narrow klass base: 0x0000000800000000, Narrow klass shift: 3
Compressed class space size: 1073741824 Address: 0x0000000800b30000

Heap:
 garbage-first heap   total 260096K, used 11592K [0x0000000702200000, 0x0000000800000000)
  region size 1024K, 9 young (9216K), 3 survivors (3072K)
 Metaspace       used 10780K, capacity 11192K, committed 11264K, reserved 1058816K
  class space    used 1291K, capacity 1468K, committed 1536K, reserved 1048576K
Heap Regions: E=young(eden), S=young(survivor), O=old, HS=humongous(starts), HC=humongous(continues), CS=collection set, F=free, OA=open archive, CA=closed archive, TAMS=top-at-mark-start (previous, next)
|   0|0x0000000702200000, 0x0000000702300000, 0x0000000702300000|100%|HS|  |TAMS 0x0000000702200000, 0x0000000702200000| Complete 
|   1|0x0000000702300000, 0x0000000702400000, 0x0000000702400000|100%|HC|  |TAMS 0x0000000702300000, 0x0000000702300000| Complete 
|   2|0x0000000702400000, 0x0000000702500000, 0x0000000702500000|100%|HC|  |TAMS 0x0000000702400000, 0x0000000702400000| Complete 
|   3|0x0000000702500000, 0x0000000702500000, 0x0000000702600000|  0%| F|  |TAMS 0x0000000702500000, 0x0000000702500000| Untracked 
|   4|0x0000000702600000, 0x0000000702652200, 0x0000000702700000| 32%| O|  |TAMS 0x0000000702600000, 0x0000000702600000| Untracked 
|   5|0x0000000702700000, 0x0000000702700000, 0x0000000702800000|  0%| F|  |TAMS 0x0000000702700000, 0x0000000702700000| Untracked 
|   6|0x0000000702800000, 0x0000000702800000, 0x0000000702900000|  0%| F|  |TAMS 0x0000000702800000, 0x0000000702800000| Untracked 
|   7|0x0000000702900000, 0x0000000702900000, 0x0000000702a00000|  0%| F|  |TAMS 0x0000000702900000, 0x0000000702900000| Untracked 
|   8|0x0000000702a00000, 0x0000000702a00000, 0x0000000702b00000|  0%| F|  |TAMS 0x0000000702a00000, 0x0000000702a00000| Untracked 
|   9|0x0000000702b00000, 0x0000000702b00000, 0x0000000702c00000|  0%| F|  |TAMS 0x0000000702b00000, 0x0000000702b00000| Untracked 
|  10|0x0000000702c00000, 0x0000000702c00000, 0x0000000702d00000|  0%| F|  |TAMS 0x0000000702c00000, 0x0000000702c00000| Untracked 
|  11|0x0000000702d00000, 0x0000000702d00000, 0x0000000702e00000|  0%| F|  |TAMS 0x0000000702d00000, 0x0000000702d00000| Untracked 
|  12|0x0000000702e00000, 0x0000000702e00000, 0x0000000702f00000|  0%| F|  |TAMS 0x0000000702e00000, 0x0000000702e00000| Untracked 
|  13|0x0000000702f00000, 0x0000000702f00000, 0x0000000703000000|  0%| F|  |TAMS 0x0000000702f00000, 0x0000000702f00000| Untracked 
|  14|0x0000000703000000, 0x0000000703000000, 0x0000000703100000|  0%| F|  |TAMS 0x0000000703000000, 0x0000000703000000| Untracked 
|  15|0x0000000703100000, 0x0000000703100000, 0x0000000703200000|  0%| F|  |TAMS 0x0000000703100000, 0x0000000703100000| Untracked 
|  16|0x0000000703200000, 0x0000000703200000, 0x0000000703300000|  0%| F|  |TAMS 0x0000000703200000, 0x0000000703200000| Untracked 
|  17|0x0000000703300000, 0x0000000703300000, 0x0000000703400000|  0%| F|  |TAMS 0x0000000703300000, 0x0000000703300000| Untracked 
|  18|0x0000000703400000, 0x0000000703400000, 0x0000000703500000|  0%| F|  |TAMS 0x0000000703400000, 0x0000000703400000| Untracked 
|  19|0x0000000703500000, 0x0000000703500000, 0x0000000703600000|  0%| F|  |TAMS 0x0000000703500000, 0x0000000703500000| Untracked 
|  20|0x0000000703600000, 0x0000000703600000, 0x0000000703700000|  0%| F|  |TAMS 0x0000000703600000, 0x0000000703600000| Untracked 
|  21|0x0000000703700000, 0x0000000703700000, 0x0000000703800000|  0%| F|  |TAMS 0x0000000703700000, 0x0000000703700000| Untracked 
|  22|0x0000000703800000, 0x0000000703800000, 0x0000000703900000|  0%| F|  |TAMS 0x0000000703800000, 0x0000000703800000| Untracked 
|  23|0x0000000703900000, 0x0000000703900000, 0x0000000703a00000|  0%| F|  |TAMS 0x0000000703900000, 0x0000000703900000| Untracked 
|  24|0x0000000703a00000, 0x0000000703a00000, 0x0000000703b00000|  0%| F|  |TAMS 0x0000000703a00000, 0x0000000703a00000| Untracked 
|  25|0x0000000703b00000, 0x0000000703b00000, 0x0000000703c00000|  0%| F|  |TAMS 0x0000000703b00000, 0x0000000703b00000| Untracked 
|  26|0x0000000703c00000, 0x0000000703c00000, 0x0000000703d00000|  0%| F|  |TAMS 0x0000000703c00000, 0x0000000703c00000| Untracked 
|  27|0x0000000703d00000, 0x0000000703d00000, 0x0000000703e00000|  0%| F|  |TAMS 0x0000000703d00000, 0x0000000703d00000| Untracked 
|  28|0x0000000703e00000, 0x0000000703e00000, 0x0000000703f00000|  0%| F|  |TAMS 0x0000000703e00000, 0x0000000703e00000| Untracked 
|  29|0x0000000703f00000, 0x0000000703f00000, 0x0000000704000000|  0%| F|  |TAMS 0x0000000703f00000, 0x0000000703f00000| Untracked 
|  30|0x0000000704000000, 0x0000000704000000, 0x0000000704100000|  0%| F|  |TAMS 0x0000000704000000, 0x0000000704000000| Untracked 
|  31|0x0000000704100000, 0x0000000704100000, 0x0000000704200000|  0%| F|  |TAMS 0x0000000704100000, 0x0000000704100000| Untracked 
|  32|0x0000000704200000, 0x0000000704200000, 0x0000000704300000|  0%| F|  |TAMS 0x0000000704200000, 0x0000000704200000| Untracked 
|  33|0x0000000704300000, 0x0000000704300000, 0x0000000704400000|  0%| F|  |TAMS 0x0000000704300000, 0x0000000704300000| Untracked 
|  34|0x0000000704400000, 0x0000000704400000, 0x0000000704500000|  0%| F|  |TAMS 0x0000000704400000, 0x0000000704400000| Untracked 
|  35|0x0000000704500000, 0x0000000704500000, 0x0000000704600000|  0%| F|  |TAMS 0x0000000704500000, 0x0000000704500000| Untracked 
|  36|0x0000000704600000, 0x0000000704600000, 0x0000000704700000|  0%| F|  |TAMS 0x0000000704600000, 0x0000000704600000| Untracked 
|  37|0x0000000704700000, 0x0000000704700000, 0x0000000704800000|  0%| F|  |TAMS 0x0000000704700000, 0x0000000704700000| Untracked 
|  38|0x0000000704800000, 0x0000000704800000, 0x0000000704900000|  0%| F|  |TAMS 0x0000000704800000, 0x0000000704800000| Untracked 
|  39|0x0000000704900000, 0x0000000704900000, 0x0000000704a00000|  0%| F|  |TAMS 0x0000000704900000, 0x0000000704900000| Untracked 
|  40|0x0000000704a00000, 0x0000000704a00000, 0x0000000704b00000|  0%| F|  |TAMS 0x0000000704a00000, 0x0000000704a00000| Untracked 
|  41|0x0000000704b00000, 0x0000000704b00000, 0x0000000704c00000|  0%| F|  |TAMS 0x0000000704b00000, 0x0000000704b00000| Untracked 
|  42|0x0000000704c00000, 0x0000000704c00000, 0x0000000704d00000|  0%| F|  |TAMS 0x0000000704c00000, 0x0000000704c00000| Untracked 
|  43|0x0000000704d00000, 0x0000000704d00000, 0x0000000704e00000|  0%| F|  |TAMS 0x0000000704d00000, 0x0000000704d00000| Untracked 
|  44|0x0000000704e00000, 0x0000000704e00000, 0x0000000704f00000|  0%| F|  |TAMS 0x0000000704e00000, 0x0000000704e00000| Untracked 
|  45|0x0000000704f00000, 0x0000000704f00000, 0x0000000705000000|  0%| F|  |TAMS 0x0000000704f00000, 0x0000000704f00000| Untracked 
|  46|0x0000000705000000, 0x0000000705000000, 0x0000000705100000|  0%| F|  |TAMS 0x0000000705000000, 0x0000000705000000| Untracked 
|  47|0x0000000705100000, 0x0000000705100000, 0x0000000705200000|  0%| F|  |TAMS 0x0000000705100000, 0x0000000705100000| Untracked 
|  48|0x0000000705200000, 0x0000000705200000, 0x0000000705300000|  0%| F|  |TAMS 0x0000000705200000, 0x0000000705200000| Untracked 
|  49|0x0000000705300000, 0x0000000705300000, 0x0000000705400000|  0%| F|  |TAMS 0x0000000705300000, 0x0000000705300000| Untracked 
|  50|0x0000000705400000, 0x0000000705400000, 0x0000000705500000|  0%| F|  |TAMS 0x0000000705400000, 0x0000000705400000| Untracked 
|  51|0x0000000705500000, 0x0000000705500000, 0x0000000705600000|  0%| F|  |TAMS 0x0000000705500000, 0x0000000705500000| Untracked 
|  52|0x0000000705600000, 0x0000000705600000, 0x0000000705700000|  0%| F|  |TAMS 0x0000000705600000, 0x0000000705600000| Untracked 
|  53|0x0000000705700000, 0x0000000705700000, 0x0000000705800000|  0%| F|  |TAMS 0x0000000705700000, 0x0000000705700000| Untracked 
|  54|0x0000000705800000, 0x0000000705800000, 0x0000000705900000|  0%| F|  |TAMS 0x0000000705800000, 0x0000000705800000| Untracked 
|  55|0x0000000705900000, 0x0000000705900000, 0x0000000705a00000|  0%| F|  |TAMS 0x0000000705900000, 0x0000000705900000| Untracked 
|  56|0x0000000705a00000, 0x0000000705a00000, 0x0000000705b00000|  0%| F|  |TAMS 0x0000000705a00000, 0x0000000705a00000| Untracked 
|  57|0x0000000705b00000, 0x0000000705b00000, 0x0000000705c00000|  0%| F|  |TAMS 0x0000000705b00000, 0x0000000705b00000| Untracked 
|  58|0x0000000705c00000, 0x0000000705c00000, 0x0000000705d00000|  0%| F|  |TAMS 0x0000000705c00000, 0x0000000705c00000| Untracked 
|  59|0x0000000705d00000, 0x0000000705d00000, 0x0000000705e00000|  0%| F|  |TAMS 0x0000000705d00000, 0x0000000705d00000| Untracked 
|  60|0x0000000705e00000, 0x0000000705e00000, 0x0000000705f00000|  0%| F|  |TAMS 0x0000000705e00000, 0x0000000705e00000| Untracked 
|  61|0x0000000705f00000, 0x0000000705f00000, 0x0000000706000000|  0%| F|  |TAMS 0x0000000705f00000, 0x0000000705f00000| Untracked 
|  62|0x0000000706000000, 0x0000000706000000, 0x0000000706100000|  0%| F|  |TAMS 0x0000000706000000, 0x0000000706000000| Untracked 
|  63|0x0000000706100000, 0x0000000706100000, 0x0000000706200000|  0%| F|  |TAMS 0x0000000706100000, 0x0000000706100000| Untracked 
|  64|0x0000000706200000, 0x0000000706200000, 0x0000000706300000|  0%| F|  |TAMS 0x0000000706200000, 0x0000000706200000| Untracked 
|  65|0x0000000706300000, 0x0000000706300000, 0x0000000706400000|  0%| F|  |TAMS 0x0000000706300000, 0x0000000706300000| Untracked 
|  66|0x0000000706400000, 0x0000000706400000, 0x0000000706500000|  0%| F|  |TAMS 0x0000000706400000, 0x0000000706400000| Untracked 
|  67|0x0000000706500000, 0x0000000706500000, 0x0000000706600000|  0%| F|  |TAMS 0x0000000706500000, 0x0000000706500000| Untracked 
|  68|0x0000000706600000, 0x0000000706600000, 0x0000000706700000|  0%| F|  |TAMS 0x0000000706600000, 0x0000000706600000| Untracked 
|  69|0x0000000706700000, 0x0000000706700000, 0x0000000706800000|  0%| F|  |TAMS 0x0000000706700000, 0x0000000706700000| Untracked 
|  70|0x0000000706800000, 0x0000000706800000, 0x0000000706900000|  0%| F|  |TAMS 0x0000000706800000, 0x0000000706800000| Untracked 
|  71|0x0000000706900000, 0x0000000706900000, 0x0000000706a00000|  0%| F|  |TAMS 0x0000000706900000, 0x0000000706900000| Untracked 
|  72|0x0000000706a00000, 0x0000000706a00000, 0x0000000706b00000|  0%| F|  |TAMS 0x0000000706a00000, 0x0000000706a00000| Untracked 
|  73|0x0000000706b00000, 0x0000000706b00000, 0x0000000706c00000|  0%| F|  |TAMS 0x0000000706b00000, 0x0000000706b00000| Untracked 
|  74|0x0000000706c00000, 0x0000000706c00000, 0x0000000706d00000|  0%| F|  |TAMS 0x0000000706c00000, 0x0000000706c00000| Untracked 
|  75|0x0000000706d00000, 0x0000000706d00000, 0x0000000706e00000|  0%| F|  |TAMS 0x0000000706d00000, 0x0000000706d00000| Untracked 
|  76|0x0000000706e00000, 0x0000000706e00000, 0x0000000706f00000|  0%| F|  |TAMS 0x0000000706e00000, 0x0000000706e00000| Untracked 
|  77|0x0000000706f00000, 0x0000000706f00000, 0x0000000707000000|  0%| F|  |TAMS 0x0000000706f00000, 0x0000000706f00000| Untracked 
|  78|0x0000000707000000, 0x0000000707000000, 0x0000000707100000|  0%| F|  |TAMS 0x0000000707000000, 0x0000000707000000| Untracked 
|  79|0x0000000707100000, 0x0000000707100000, 0x0000000707200000|  0%| F|  |TAMS 0x0000000707100000, 0x0000000707100000| Untracked 
|  80|0x0000000707200000, 0x0000000707200000, 0x0000000707300000|  0%| F|  |TAMS 0x0000000707200000, 0x0000000707200000| Untracked 
|  81|0x0000000707300000, 0x0000000707300000, 0x0000000707400000|  0%| F|  |TAMS 0x0000000707300000, 0x0000000707300000| Untracked 
|  82|0x0000000707400000, 0x0000000707400000, 0x0000000707500000|  0%| F|  |TAMS 0x0000000707400000, 0x0000000707400000| Untracked 
|  83|0x0000000707500000, 0x0000000707500000, 0x0000000707600000|  0%| F|  |TAMS 0x0000000707500000, 0x0000000707500000| Untracked 
|  84|0x0000000707600000, 0x0000000707600000, 0x0000000707700000|  0%| F|  |TAMS 0x0000000707600000, 0x0000000707600000| Untracked 
|  85|0x0000000707700000, 0x0000000707700000, 0x0000000707800000|  0%| F|  |TAMS 0x0000000707700000, 0x0000000707700000| Untracked 
|  86|0x0000000707800000, 0x0000000707800000, 0x0000000707900000|  0%| F|  |TAMS 0x0000000707800000, 0x0000000707800000| Untracked 
|  87|0x0000000707900000, 0x0000000707900000, 0x0000000707a00000|  0%| F|  |TAMS 0x0000000707900000, 0x0000000707900000| Untracked 
|  88|0x0000000707a00000, 0x0000000707a00000, 0x0000000707b00000|  0%| F|  |TAMS 0x0000000707a00000, 0x0000000707a00000| Untracked 
|  89|0x0000000707b00000, 0x0000000707b00000, 0x0000000707c00000|  0%| F|  |TAMS 0x0000000707b00000, 0x0000000707b00000| Untracked 
|  90|0x0000000707c00000, 0x0000000707c00000, 0x0000000707d00000|  0%| F|  |TAMS 0x0000000707c00000, 0x0000000707c00000| Untracked 
|  91|0x0000000707d00000, 0x0000000707d00000, 0x0000000707e00000|  0%| F|  |TAMS 0x0000000707d00000, 0x0000000707d00000| Untracked 
|  92|0x0000000707e00000, 0x0000000707e00000, 0x0000000707f00000|  0%| F|  |TAMS 0x0000000707e00000, 0x0000000707e00000| Untracked 
|  93|0x0000000707f00000, 0x0000000707f00000, 0x0000000708000000|  0%| F|  |TAMS 0x0000000707f00000, 0x0000000707f00000| Untracked 
|  94|0x0000000708000000, 0x0000000708000000, 0x0000000708100000|  0%| F|  |TAMS 0x0000000708000000, 0x0000000708000000| Untracked 
|  95|0x0000000708100000, 0x0000000708100000, 0x0000000708200000|  0%| F|  |TAMS 0x0000000708100000, 0x0000000708100000| Untracked 
|  96|0x0000000708200000, 0x0000000708200000, 0x0000000708300000|  0%| F|  |TAMS 0x0000000708200000, 0x0000000708200000| Untracked 
|  97|0x0000000708300000, 0x0000000708300000, 0x0000000708400000|  0%| F|  |TAMS 0x0000000708300000, 0x0000000708300000| Untracked 
|  98|0x0000000708400000, 0x0000000708400000, 0x0000000708500000|  0%| F|  |TAMS 0x0000000708400000, 0x0000000708400000| Untracked 
|  99|0x0000000708500000, 0x0000000708500000, 0x0000000708600000|  0%| F|  |TAMS 0x0000000708500000, 0x0000000708500000| Untracked 
| 100|0x0000000708600000, 0x0000000708600000, 0x0000000708700000|  0%| F|  |TAMS 0x0000000708600000, 0x0000000708600000| Untracked 
| 101|0x0000000708700000, 0x0000000708700000, 0x0000000708800000|  0%| F|  |TAMS 0x0000000708700000, 0x0000000708700000| Untracked 
| 102|0x0000000708800000, 0x0000000708800000, 0x0000000708900000|  0%| F|  |TAMS 0x0000000708800000, 0x0000000708800000| Untracked 
| 103|0x0000000708900000, 0x0000000708900000, 0x0000000708a00000|  0%| F|  |TAMS 0x0000000708900000, 0x0000000708900000| Untracked 
| 104|0x0000000708a00000, 0x0000000708a00000, 0x0000000708b00000|  0%| F|  |TAMS 0x0000000708a00000, 0x0000000708a00000| Untracked 
| 105|0x0000000708b00000, 0x0000000708b00000, 0x0000000708c00000|  0%| F|  |TAMS 0x0000000708b00000, 0x0000000708b00000| Untracked 
| 106|0x0000000708c00000, 0x0000000708c00000, 0x0000000708d00000|  0%| F|  |TAMS 0x0000000708c00000, 0x0000000708c00000| Untracked 
| 107|0x0000000708d00000, 0x0000000708d00000, 0x0000000708e00000|  0%| F|  |TAMS 0x0000000708d00000, 0x0000000708d00000| Untracked 
| 108|0x0000000708e00000, 0x0000000708e00000, 0x0000000708f00000|  0%| F|  |TAMS 0x0000000708e00000, 0x0000000708e00000| Untracked 
| 109|0x0000000708f00000, 0x0000000708f00000, 0x0000000709000000|  0%| F|  |TAMS 0x0000000708f00000, 0x0000000708f00000| Untracked 
| 110|0x0000000709000000, 0x0000000709000000, 0x0000000709100000|  0%| F|  |TAMS 0x0000000709000000, 0x0000000709000000| Untracked 
| 111|0x0000000709100000, 0x0000000709100000, 0x0000000709200000|  0%| F|  |TAMS 0x0000000709100000, 0x0000000709100000| Untracked 
| 112|0x0000000709200000, 0x0000000709200000, 0x0000000709300000|  0%| F|  |TAMS 0x0000000709200000, 0x0000000709200000| Untracked 
| 113|0x0000000709300000, 0x0000000709300000, 0x0000000709400000|  0%| F|  |TAMS 0x0000000709300000, 0x0000000709300000| Untracked 
| 114|0x0000000709400000, 0x0000000709400000, 0x0000000709500000|  0%| F|  |TAMS 0x0000000709400000, 0x0000000709400000| Untracked 
| 115|0x0000000709500000, 0x0000000709500000, 0x0000000709600000|  0%| F|  |TAMS 0x0000000709500000, 0x0000000709500000| Untracked 
| 116|0x0000000709600000, 0x0000000709600000, 0x0000000709700000|  0%| F|  |TAMS 0x0000000709600000, 0x0000000709600000| Untracked 
| 117|0x0000000709700000, 0x0000000709700000, 0x0000000709800000|  0%| F|  |TAMS 0x0000000709700000, 0x0000000709700000| Untracked 
| 118|0x0000000709800000, 0x0000000709800000, 0x0000000709900000|  0%| F|  |TAMS 0x0000000709800000, 0x0000000709800000| Untracked 
| 119|0x0000000709900000, 0x0000000709900000, 0x0000000709a00000|  0%| F|  |TAMS 0x0000000709900000, 0x0000000709900000| Untracked 
| 120|0x0000000709a00000, 0x0000000709a00000, 0x0000000709b00000|  0%| F|  |TAMS 0x0000000709a00000, 0x0000000709a00000| Untracked 
| 121|0x0000000709b00000, 0x0000000709b00000, 0x0000000709c00000|  0%| F|  |TAMS 0x0000000709b00000, 0x0000000709b00000| Untracked 
| 122|0x0000000709c00000, 0x0000000709c00000, 0x0000000709d00000|  0%| F|  |TAMS 0x0000000709c00000, 0x0000000709c00000| Untracked 
| 123|0x0000000709d00000, 0x0000000709d00000, 0x0000000709e00000|  0%| F|  |TAMS 0x0000000709d00000, 0x0000000709d00000| Untracked 
| 124|0x0000000709e00000, 0x0000000709e00000, 0x0000000709f00000|  0%| F|  |TAMS 0x0000000709e00000, 0x0000000709e00000| Untracked 
| 125|0x0000000709f00000, 0x0000000709f00000, 0x000000070a000000|  0%| F|  |TAMS 0x0000000709f00000, 0x0000000709f00000| Untracked 
| 126|0x000000070a000000, 0x000000070a000000, 0x000000070a100000|  0%| F|  |TAMS 0x000000070a000000, 0x000000070a000000| Untracked 
| 127|0x000000070a100000, 0x000000070a100000, 0x000000070a200000|  0%| F|  |TAMS 0x000000070a100000, 0x000000070a100000| Untracked 
| 128|0x000000070a200000, 0x000000070a200000, 0x000000070a300000|  0%| F|  |TAMS 0x000000070a200000, 0x000000070a200000| Untracked 
| 129|0x000000070a300000, 0x000000070a300000, 0x000000070a400000|  0%| F|  |TAMS 0x000000070a300000, 0x000000070a300000| Untracked 
| 130|0x000000070a400000, 0x000000070a400000, 0x000000070a500000|  0%| F|  |TAMS 0x000000070a400000, 0x000000070a400000| Untracked 
| 131|0x000000070a500000, 0x000000070a500000, 0x000000070a600000|  0%| F|  |TAMS 0x000000070a500000, 0x000000070a500000| Untracked 
| 132|0x000000070a600000, 0x000000070a600000, 0x000000070a700000|  0%| F|  |TAMS 0x000000070a600000, 0x000000070a600000| Untracked 
| 133|0x000000070a700000, 0x000000070a700000, 0x000000070a800000|  0%| F|  |TAMS 0x000000070a700000, 0x000000070a700000| Untracked 
| 134|0x000000070a800000, 0x000000070a800000, 0x000000070a900000|  0%| F|  |TAMS 0x000000070a800000, 0x000000070a800000| Untracked 
| 135|0x000000070a900000, 0x000000070a900000, 0x000000070aa00000|  0%| F|  |TAMS 0x000000070a900000, 0x000000070a900000| Untracked 
| 136|0x000000070aa00000, 0x000000070aa00000, 0x000000070ab00000|  0%| F|  |TAMS 0x000000070aa00000, 0x000000070aa00000| Untracked 
| 137|0x000000070ab00000, 0x000000070ab00000, 0x000000070ac00000|  0%| F|  |TAMS 0x000000070ab00000, 0x000000070ab00000| Untracked 
| 138|0x000000070ac00000, 0x000000070ac00000, 0x000000070ad00000|  0%| F|  |TAMS 0x000000070ac00000, 0x000000070ac00000| Untracked 
| 139|0x000000070ad00000, 0x000000070ad00000, 0x000000070ae00000|  0%| F|  |TAMS 0x000000070ad00000, 0x000000070ad00000| Untracked 
| 140|0x000000070ae00000, 0x000000070ae00000, 0x000000070af00000|  0%| F|  |TAMS 0x000000070ae00000, 0x000000070ae00000| Untracked 
| 141|0x000000070af00000, 0x000000070af00000, 0x000000070b000000|  0%| F|  |TAMS 0x000000070af00000, 0x000000070af00000| Untracked 
| 142|0x000000070b000000, 0x000000070b000000, 0x000000070b100000|  0%| F|  |TAMS 0x000000070b000000, 0x000000070b000000| Untracked 
| 143|0x000000070b100000, 0x000000070b100000, 0x000000070b200000|  0%| F|  |TAMS 0x000000070b100000, 0x000000070b100000| Untracked 
| 144|0x000000070b200000, 0x000000070b200000, 0x000000070b300000|  0%| F|  |TAMS 0x000000070b200000, 0x000000070b200000| Untracked 
| 145|0x000000070b300000, 0x000000070b300000, 0x000000070b400000|  0%| F|  |TAMS 0x000000070b300000, 0x000000070b300000| Untracked 
| 146|0x000000070b400000, 0x000000070b400000, 0x000000070b500000|  0%| F|  |TAMS 0x000000070b400000, 0x000000070b400000| Untracked 
| 147|0x000000070b500000, 0x000000070b500000, 0x000000070b600000|  0%| F|  |TAMS 0x000000070b500000, 0x000000070b500000| Untracked 
| 148|0x000000070b600000, 0x000000070b600000, 0x000000070b700000|  0%| F|  |TAMS 0x000000070b600000, 0x000000070b600000| Untracked 
| 149|0x000000070b700000, 0x000000070b700000, 0x000000070b800000|  0%| F|  |TAMS 0x000000070b700000, 0x000000070b700000| Untracked 
| 150|0x000000070b800000, 0x000000070b800000, 0x000000070b900000|  0%| F|  |TAMS 0x000000070b800000, 0x000000070b800000| Untracked 
| 151|0x000000070b900000, 0x000000070b900000, 0x000000070ba00000|  0%| F|  |TAMS 0x000000070b900000, 0x000000070b900000| Untracked 
| 152|0x000000070ba00000, 0x000000070ba00000, 0x000000070bb00000|  0%| F|  |TAMS 0x000000070ba00000, 0x000000070ba00000| Untracked 
| 153|0x000000070bb00000, 0x000000070bb00000, 0x000000070bc00000|  0%| F|  |TAMS 0x000000070bb00000, 0x000000070bb00000| Untracked 
| 154|0x000000070bc00000, 0x000000070bc00000, 0x000000070bd00000|  0%| F|  |TAMS 0x000000070bc00000, 0x000000070bc00000| Untracked 
| 155|0x000000070bd00000, 0x000000070bd00000, 0x000000070be00000|  0%| F|  |TAMS 0x000000070bd00000, 0x000000070bd00000| Untracked 
| 156|0x000000070be00000, 0x000000070be00000, 0x000000070bf00000|  0%| F|  |TAMS 0x000000070be00000, 0x000000070be00000| Untracked 
| 157|0x000000070bf00000, 0x000000070bf00000, 0x000000070c000000|  0%| F|  |TAMS 0x000000070bf00000, 0x000000070bf00000| Untracked 
| 158|0x000000070c000000, 0x000000070c000000, 0x000000070c100000|  0%| F|  |TAMS 0x000000070c000000, 0x000000070c000000| Untracked 
| 159|0x000000070c100000, 0x000000070c100000, 0x000000070c200000|  0%| F|  |TAMS 0x000000070c100000, 0x000000070c100000| Untracked 
| 160|0x000000070c200000, 0x000000070c200000, 0x000000070c300000|  0%| F|  |TAMS 0x000000070c200000, 0x000000070c200000| Untracked 
| 161|0x000000070c300000, 0x000000070c300000, 0x000000070c400000|  0%| F|  |TAMS 0x000000070c300000, 0x000000070c300000| Untracked 
| 162|0x000000070c400000, 0x000000070c400000, 0x000000070c500000|  0%| F|  |TAMS 0x000000070c400000, 0x000000070c400000| Untracked 
| 163|0x000000070c500000, 0x000000070c500000, 0x000000070c600000|  0%| F|  |TAMS 0x000000070c500000, 0x000000070c500000| Untracked 
| 164|0x000000070c600000, 0x000000070c600000, 0x000000070c700000|  0%| F|  |TAMS 0x000000070c600000, 0x000000070c600000| Untracked 
| 165|0x000000070c700000, 0x000000070c700000, 0x000000070c800000|  0%| F|  |TAMS 0x000000070c700000, 0x000000070c700000| Untracked 
| 166|0x000000070c800000, 0x000000070c800000, 0x000000070c900000|  0%| F|  |TAMS 0x000000070c800000, 0x000000070c800000| Untracked 
| 167|0x000000070c900000, 0x000000070c900000, 0x000000070ca00000|  0%| F|  |TAMS 0x000000070c900000, 0x000000070c900000| Untracked 
| 168|0x000000070ca00000, 0x000000070ca00000, 0x000000070cb00000|  0%| F|  |TAMS 0x000000070ca00000, 0x000000070ca00000| Untracked 
| 169|0x000000070cb00000, 0x000000070cb00000, 0x000000070cc00000|  0%| F|  |TAMS 0x000000070cb00000, 0x000000070cb00000| Untracked 
| 170|0x000000070cc00000, 0x000000070cc00000, 0x000000070cd00000|  0%| F|  |TAMS 0x000000070cc00000, 0x000000070cc00000| Untracked 
| 171|0x000000070cd00000, 0x000000070cd00000, 0x000000070ce00000|  0%| F|  |TAMS 0x000000070cd00000, 0x000000070cd00000| Untracked 
| 172|0x000000070ce00000, 0x000000070ce00000, 0x000000070cf00000|  0%| F|  |TAMS 0x000000070ce00000, 0x000000070ce00000| Untracked 
| 173|0x000000070cf00000, 0x000000070cf00000, 0x000000070d000000|  0%| F|  |TAMS 0x000000070cf00000, 0x000000070cf00000| Untracked 
| 174|0x000000070d000000, 0x000000070d000000, 0x000000070d100000|  0%| F|  |TAMS 0x000000070d000000, 0x000000070d000000| Untracked 
| 175|0x000000070d100000, 0x000000070d100000, 0x000000070d200000|  0%| F|  |TAMS 0x000000070d100000, 0x000000070d100000| Untracked 
| 176|0x000000070d200000, 0x000000070d200000, 0x000000070d300000|  0%| F|  |TAMS 0x000000070d200000, 0x000000070d200000| Untracked 
| 177|0x000000070d300000, 0x000000070d300000, 0x000000070d400000|  0%| F|  |TAMS 0x000000070d300000, 0x000000070d300000| Untracked 
| 178|0x000000070d400000, 0x000000070d400000, 0x000000070d500000|  0%| F|  |TAMS 0x000000070d400000, 0x000000070d400000| Untracked 
| 179|0x000000070d500000, 0x000000070d500000, 0x000000070d600000|  0%| F|  |TAMS 0x000000070d500000, 0x000000070d500000| Untracked 
| 180|0x000000070d600000, 0x000000070d600000, 0x000000070d700000|  0%| F|  |TAMS 0x000000070d600000, 0x000000070d600000| Untracked 
| 181|0x000000070d700000, 0x000000070d700000, 0x000000070d800000|  0%| F|  |TAMS 0x000000070d700000, 0x000000070d700000| Untracked 
| 182|0x000000070d800000, 0x000000070d800000, 0x000000070d900000|  0%| F|  |TAMS 0x000000070d800000, 0x000000070d800000| Untracked 
| 183|0x000000070d900000, 0x000000070d900000, 0x000000070da00000|  0%| F|  |TAMS 0x000000070d900000, 0x000000070d900000| Untracked 
| 184|0x000000070da00000, 0x000000070da00000, 0x000000070db00000|  0%| F|  |TAMS 0x000000070da00000, 0x000000070da00000| Untracked 
| 185|0x000000070db00000, 0x000000070db00000, 0x000000070dc00000|  0%| F|  |TAMS 0x000000070db00000, 0x000000070db00000| Untracked 
| 186|0x000000070dc00000, 0x000000070dc00000, 0x000000070dd00000|  0%| F|  |TAMS 0x000000070dc00000, 0x000000070dc00000| Untracked 
| 187|0x000000070dd00000, 0x000000070dd00000, 0x000000070de00000|  0%| F|  |TAMS 0x000000070dd00000, 0x000000070dd00000| Untracked 
| 188|0x000000070de00000, 0x000000070de00000, 0x000000070df00000|  0%| F|  |TAMS 0x000000070de00000, 0x000000070de00000| Untracked 
| 189|0x000000070df00000, 0x000000070df00000, 0x000000070e000000|  0%| F|  |TAMS 0x000000070df00000, 0x000000070df00000| Untracked 
| 190|0x000000070e000000, 0x000000070e000000, 0x000000070e100000|  0%| F|  |TAMS 0x000000070e000000, 0x000000070e000000| Untracked 
| 191|0x000000070e100000, 0x000000070e100000, 0x000000070e200000|  0%| F|  |TAMS 0x000000070e100000, 0x000000070e100000| Untracked 
| 192|0x000000070e200000, 0x000000070e200000, 0x000000070e300000|  0%| F|  |TAMS 0x000000070e200000, 0x000000070e200000| Untracked 
| 193|0x000000070e300000, 0x000000070e300000, 0x000000070e400000|  0%| F|  |TAMS 0x000000070e300000, 0x000000070e300000| Untracked 
| 194|0x000000070e400000, 0x000000070e400000, 0x000000070e500000|  0%| F|  |TAMS 0x000000070e400000, 0x000000070e400000| Untracked 
| 195|0x000000070e500000, 0x000000070e500000, 0x000000070e600000|  0%| F|  |TAMS 0x000000070e500000, 0x000000070e500000| Untracked 
| 196|0x000000070e600000, 0x000000070e600000, 0x000000070e700000|  0%| F|  |TAMS 0x000000070e600000, 0x000000070e600000| Untracked 
| 197|0x000000070e700000, 0x000000070e700000, 0x000000070e800000|  0%| F|  |TAMS 0x000000070e700000, 0x000000070e700000| Untracked 
| 198|0x000000070e800000, 0x000000070e800000, 0x000000070e900000|  0%| F|  |TAMS 0x000000070e800000, 0x000000070e800000| Untracked 
| 199|0x000000070e900000, 0x000000070e900000, 0x000000070ea00000|  0%| F|  |TAMS 0x000000070e900000, 0x000000070e900000| Untracked 
| 200|0x000000070ea00000, 0x000000070ea00000, 0x000000070eb00000|  0%| F|  |TAMS 0x000000070ea00000, 0x000000070ea00000| Untracked 
| 201|0x000000070eb00000, 0x000000070eb00000, 0x000000070ec00000|  0%| F|  |TAMS 0x000000070eb00000, 0x000000070eb00000| Untracked 
| 202|0x000000070ec00000, 0x000000070ec00000, 0x000000070ed00000|  0%| F|  |TAMS 0x000000070ec00000, 0x000000070ec00000| Untracked 
| 203|0x000000070ed00000, 0x000000070ed00000, 0x000000070ee00000|  0%| F|  |TAMS 0x000000070ed00000, 0x000000070ed00000| Untracked 
| 204|0x000000070ee00000, 0x000000070ee00000, 0x000000070ef00000|  0%| F|  |TAMS 0x000000070ee00000, 0x000000070ee00000| Untracked 
| 205|0x000000070ef00000, 0x000000070ef00000, 0x000000070f000000|  0%| F|  |TAMS 0x000000070ef00000, 0x000000070ef00000| Untracked 
| 206|0x000000070f000000, 0x000000070f000000, 0x000000070f100000|  0%| F|  |TAMS 0x000000070f000000, 0x000000070f000000| Untracked 
| 207|0x000000070f100000, 0x000000070f100000, 0x000000070f200000|  0%| F|  |TAMS 0x000000070f100000, 0x000000070f100000| Untracked 
| 208|0x000000070f200000, 0x000000070f200000, 0x000000070f300000|  0%| F|  |TAMS 0x000000070f200000, 0x000000070f200000| Untracked 
| 209|0x000000070f300000, 0x000000070f300000, 0x000000070f400000|  0%| F|  |TAMS 0x000000070f300000, 0x000000070f300000| Untracked 
| 210|0x000000070f400000, 0x000000070f400000, 0x000000070f500000|  0%| F|  |TAMS 0x000000070f400000, 0x000000070f400000| Untracked 
| 211|0x000000070f500000, 0x000000070f500000, 0x000000070f600000|  0%| F|  |TAMS 0x000000070f500000, 0x000000070f500000| Untracked 
| 212|0x000000070f600000, 0x000000070f600000, 0x000000070f700000|  0%| F|  |TAMS 0x000000070f600000, 0x000000070f600000| Untracked 
| 213|0x000000070f700000, 0x000000070f700000, 0x000000070f800000|  0%| F|  |TAMS 0x000000070f700000, 0x000000070f700000| Untracked 
| 214|0x000000070f800000, 0x000000070f800000, 0x000000070f900000|  0%| F|  |TAMS 0x000000070f800000, 0x000000070f800000| Untracked 
| 215|0x000000070f900000, 0x000000070f900000, 0x000000070fa00000|  0%| F|  |TAMS 0x000000070f900000, 0x000000070f900000| Untracked 
| 216|0x000000070fa00000, 0x000000070fa00000, 0x000000070fb00000|  0%| F|  |TAMS 0x000000070fa00000, 0x000000070fa00000| Untracked 
| 217|0x000000070fb00000, 0x000000070fb00000, 0x000000070fc00000|  0%| F|  |TAMS 0x000000070fb00000, 0x000000070fb00000| Untracked 
| 218|0x000000070fc00000, 0x000000070fc00000, 0x000000070fd00000|  0%| F|  |TAMS 0x000000070fc00000, 0x000000070fc00000| Untracked 
| 219|0x000000070fd00000, 0x000000070fd00000, 0x000000070fe00000|  0%| F|  |TAMS 0x000000070fd00000, 0x000000070fd00000| Untracked 
| 220|0x000000070fe00000, 0x000000070fe00000, 0x000000070ff00000|  0%| F|  |TAMS 0x000000070fe00000, 0x000000070fe00000| Untracked 
| 221|0x000000070ff00000, 0x000000070ff00000, 0x0000000710000000|  0%| F|  |TAMS 0x000000070ff00000, 0x000000070ff00000| Untracked 
| 222|0x0000000710000000, 0x0000000710000000, 0x0000000710100000|  0%| F|  |TAMS 0x0000000710000000, 0x0000000710000000| Untracked 
| 223|0x0000000710100000, 0x0000000710100000, 0x0000000710200000|  0%| F|  |TAMS 0x0000000710100000, 0x0000000710100000| Untracked 
| 224|0x0000000710200000, 0x0000000710200000, 0x0000000710300000|  0%| F|  |TAMS 0x0000000710200000, 0x0000000710200000| Untracked 
| 225|0x0000000710300000, 0x0000000710300000, 0x0000000710400000|  0%| F|  |TAMS 0x0000000710300000, 0x0000000710300000| Untracked 
| 226|0x0000000710400000, 0x0000000710400000, 0x0000000710500000|  0%| F|  |TAMS 0x0000000710400000, 0x0000000710400000| Untracked 
| 227|0x0000000710500000, 0x0000000710500000, 0x0000000710600000|  0%| F|  |TAMS 0x0000000710500000, 0x0000000710500000| Untracked 
| 228|0x0000000710600000, 0x0000000710700000, 0x0000000710700000|100%| S|CS|TAMS 0x0000000710600000, 0x0000000710600000| Complete 
| 229|0x0000000710700000, 0x0000000710800000, 0x0000000710800000|100%| S|CS|TAMS 0x0000000710700000, 0x0000000710700000| Complete 
| 230|0x0000000710800000, 0x0000000710900000, 0x0000000710900000|100%| S|CS|TAMS 0x0000000710800000, 0x0000000710800000| Complete 
| 231|0x0000000710900000, 0x0000000710900000, 0x0000000710a00000|  0%| F|  |TAMS 0x0000000710900000, 0x0000000710900000| Untracked 
| 232|0x0000000710a00000, 0x0000000710a00000, 0x0000000710b00000|  0%| F|  |TAMS 0x0000000710a00000, 0x0000000710a00000| Untracked 
| 233|0x0000000710b00000, 0x0000000710b00000, 0x0000000710c00000|  0%| F|  |TAMS 0x0000000710b00000, 0x0000000710b00000| Untracked 
| 234|0x0000000710c00000, 0x0000000710c00000, 0x0000000710d00000|  0%| F|  |TAMS 0x0000000710c00000, 0x0000000710c00000| Untracked 
| 235|0x0000000710d00000, 0x0000000710d00000, 0x0000000710e00000|  0%| F|  |TAMS 0x0000000710d00000, 0x0000000710d00000| Untracked 
| 236|0x0000000710e00000, 0x0000000710e00000, 0x0000000710f00000|  0%| F|  |TAMS 0x0000000710e00000, 0x0000000710e00000| Untracked 
| 237|0x0000000710f00000, 0x0000000710f00000, 0x0000000711000000|  0%| F|  |TAMS 0x0000000710f00000, 0x0000000710f00000| Untracked 
| 238|0x0000000711000000, 0x0000000711000000, 0x0000000711100000|  0%| F|  |TAMS 0x0000000711000000, 0x0000000711000000| Untracked 
| 239|0x0000000711100000, 0x0000000711100000, 0x0000000711200000|  0%| F|  |TAMS 0x0000000711100000, 0x0000000711100000| Untracked 
| 240|0x0000000711200000, 0x0000000711200000, 0x0000000711300000|  0%| F|  |TAMS 0x0000000711200000, 0x0000000711200000| Untracked 
| 241|0x0000000711300000, 0x0000000711300000, 0x0000000711400000|  0%| F|  |TAMS 0x0000000711300000, 0x0000000711300000| Untracked 
| 242|0x0000000711400000, 0x0000000711400000, 0x0000000711500000|  0%| F|  |TAMS 0x0000000711400000, 0x0000000711400000| Untracked 
| 243|0x0000000711500000, 0x0000000711500000, 0x0000000711600000|  0%| F|  |TAMS 0x0000000711500000, 0x0000000711500000| Untracked 
| 244|0x0000000711600000, 0x0000000711600000, 0x0000000711700000|  0%| F|  |TAMS 0x0000000711600000, 0x0000000711600000| Untracked 
| 245|0x0000000711700000, 0x0000000711700000, 0x0000000711800000|  0%| F|  |TAMS 0x0000000711700000, 0x0000000711700000| Untracked 
| 246|0x0000000711800000, 0x0000000711800000, 0x0000000711900000|  0%| F|  |TAMS 0x0000000711800000, 0x0000000711800000| Untracked 
| 247|0x0000000711900000, 0x0000000711900000, 0x0000000711a00000|  0%| F|  |TAMS 0x0000000711900000, 0x0000000711900000| Untracked 
| 248|0x0000000711a00000, 0x0000000711a76e10, 0x0000000711b00000| 46%| E|  |TAMS 0x0000000711a00000, 0x0000000711a00000| Complete 
| 249|0x0000000711b00000, 0x0000000711c00000, 0x0000000711c00000|100%| E|CS|TAMS 0x0000000711b00000, 0x0000000711b00000| Complete 
| 250|0x0000000711c00000, 0x0000000711d00000, 0x0000000711d00000|100%| E|CS|TAMS 0x0000000711c00000, 0x0000000711c00000| Complete 
| 251|0x0000000711d00000, 0x0000000711e00000, 0x0000000711e00000|100%| E|CS|TAMS 0x0000000711d00000, 0x0000000711d00000| Complete 
| 252|0x0000000711e00000, 0x0000000711f00000, 0x0000000711f00000|100%| E|CS|TAMS 0x0000000711e00000, 0x0000000711e00000| Complete 
| 253|0x0000000711f00000, 0x0000000712000000, 0x0000000712000000|100%| E|CS|TAMS 0x0000000711f00000, 0x0000000711f00000| Complete 

Card table byte_map: [0x00000243f26e0000,0x00000243f2ed0000] _byte_map_base: 0x00000243eeecf000

Marking Bits (Prev, Next): (CMBitMap*) 0x00000243da258368, (CMBitMap*) 0x00000243da2583a8
 Prev Bits: [0x00000243f36c0000, 0x00000243f7638000)
 Next Bits: [0x00000243f7640000, 0x00000243fb5b8000)

Polling page: 0x00000243d81a0000

Metaspace:

Usage:
  Non-class:      9.50 MB capacity,     9.27 MB ( 98%) used,   198.48 KB (  2%) free+waste,    36.44 KB ( <1%) overhead. 
      Class:      1.43 MB capacity,     1.26 MB ( 88%) used,   155.22 KB ( 11%) free+waste,    21.06 KB (  1%) overhead. 
       Both:     10.93 MB capacity,    10.53 MB ( 96%) used,   353.70 KB (  3%) free+waste,    57.50 KB ( <1%) overhead. 

Virtual space:
  Non-class space:       10.00 MB reserved,       9.50 MB ( 95%) committed 
      Class space:        1.00 GB reserved,       1.50 MB ( <1%) committed 
             Both:        1.01 GB reserved,      11.00 MB (  1%) committed 

Chunk freelists:
   Non-Class:  0 bytes
       Class:  0 bytes
        Both:  0 bytes

MaxMetaspaceSize: 17179869184.00 GB
CompressedClassSpaceSize: 1.00 GB

CodeHeap 'non-profiled nmethods': size=120000Kb used=614Kb max_used=614Kb free=119385Kb
 bounds [0x00000243ea470000, 0x00000243ea6e0000, 0x00000243f19a0000]
CodeHeap 'profiled nmethods': size=120000Kb used=2741Kb max_used=2741Kb free=117258Kb
 bounds [0x00000243e2f40000, 0x00000243e31f0000, 0x00000243ea470000]
CodeHeap 'non-nmethods': size=5760Kb used=1391Kb max_used=1447Kb free=4368Kb
 bounds [0x00000243e29a0000, 0x00000243e2c10000, 0x00000243e2f40000]
 total_blobs=2115 nmethods=1516 adapters=512
 compilation: enabled
              stopped_count=0, restarted_count=0
 full_count=0

Compilation events (20 events):
Event: 8.928 Thread 0x00000243fec15800 1513       3       java.lang.invoke.LambdaFormEditor$Transform::packedBytes (66 bytes)
Event: 8.928 Thread 0x00000243fec15800 nmethod 1513 0x00000243e31e8010 code [0x00000243e31e81c0, 0x00000243e31e8488]
Event: 8.928 Thread 0x00000243fec15800 1512       3       java.lang.invoke.DelegatingMethodHandle::whichKind (40 bytes)
Event: 8.928 Thread 0x00000243fec15800 nmethod 1512 0x00000243e31e8590 code [0x00000243e31e8720, 0x00000243e31e8898]
Event: 8.928 Thread 0x00000243fec15800 1514       3       jdk.internal.org.objectweb.asm.Type::getArgumentTypes (140 bytes)
Event: 8.929 Thread 0x00000243fec11000 nmethod 1489 0x00000243ea4f6410 code [0x00000243ea4f65a0, 0x00000243ea4f6718]
Event: 8.929 Thread 0x00000243fec11000 1509       4       java.lang.StringUTF16::length (5 bytes)
Event: 8.929 Thread 0x00000243fec11000 nmethod 1509 0x00000243ea4f6810 code [0x00000243ea4f69a0, 0x00000243ea4f6a38]
Event: 8.929 Thread 0x00000243fec11000 1501       4       jdk.internal.org.objectweb.asm.Frame::execute (2305 bytes)
Event: 8.930 Thread 0x00000243fec15800 nmethod 1514 0x00000243e31e8910 code [0x00000243e31e8e00, 0x00000243e31eb668]
Event: 8.930 Thread 0x00000243fec15800 1516       3       java.lang.invoke.LambdaForm::<init> (115 bytes)
Event: 8.930 Thread 0x00000243fec15800 nmethod 1516 0x00000243e31ec610 code [0x00000243e31ec820, 0x00000243e31ecf28]
Event: 8.930 Thread 0x00000243fec15800 1517       3       java.lang.invoke.LambdaForm::fixResult (31 bytes)
Event: 8.930 Thread 0x00000243fec15800 nmethod 1517 0x00000243e31ed190 code [0x00000243e31ed340, 0x00000243e31ed518]
Event: 8.949 Thread 0x00000243815ce000 nmethod 1486 0x00000243ea4f6b10 code [0x00000243ea4f6f60, 0x00000243ea4f9030]
Event: 8.949 Thread 0x00000243815ce000 1457       4       java.lang.String::substring (58 bytes)
Event: 8.953 Thread 0x00000243815ce000 nmethod 1457 0x00000243ea4fa010 code [0x00000243ea4fa200, 0x00000243ea4fa828]
Event: 8.953 Thread 0x00000243815ce000 1473       4       jdk.internal.org.objectweb.asm.ByteVector::putByte (39 bytes)
Event: 8.954 Thread 0x00000243815ce000 nmethod 1473 0x00000243ea4fab90 code [0x00000243ea4fad60, 0x00000243ea4faf88]
Event: 9.114 Thread 0x00000243fec11000 nmethod 1501 0x00000243ea4fb090 code [0x00000243ea4fbf00, 0x00000243ea506588]

GC Heap History (2 events):
Event: 6.241 GC heap before
{Heap before GC invocations=0 (full 0):
 garbage-first heap   total 260096K, used 27648K [0x0000000702200000, 0x0000000800000000)
  region size 1024K, 23 young (23552K), 0 survivors (0K)
 Metaspace       used 9785K, capacity 9989K, committed 10240K, reserved 1058816K
  class space    used 1152K, capacity 1253K, committed 1280K, reserved 1048576K
}
Event: 6.245 GC heap after
{Heap after GC invocations=1 (full 0):
 garbage-first heap   total 260096K, used 6472K [0x0000000702200000, 0x0000000800000000)
  region size 1024K, 3 young (3072K), 3 survivors (3072K)
 Metaspace       used 9785K, capacity 9989K, committed 10240K, reserved 1058816K
  class space    used 1152K, capacity 1253K, committed 1280K, reserved 1048576K
}

Deoptimization events (20 events):
Event: 6.209 Thread 0x00000243ff0d1000 Uncommon trap: trap_request=0xffffffde fr.pc=0x00000243ea4b216c relative=0x000000000000106c
Event: 6.209 Thread 0x00000243ff0d1000 Uncommon trap: reason=class_check action=maybe_recompile pc=0x00000243ea4b216c method=java.util.HashMap.putVal(ILjava/lang/Object;Ljava/lang/Object;ZZ)Ljava/lang/Object; @ 203 c2
Event: 6.209 Thread 0x00000243ff0d1000 DEOPT PACKING pc=0x00000243ea4b216c sp=0x000000bb87cfc370
Event: 6.209 Thread 0x00000243ff0d1000 DEOPT UNPACKING pc=0x00000243e29e912f sp=0x000000bb87cfc2d0 mode 2
Event: 6.225 Thread 0x00000243ff0d1000 Uncommon trap: trap_request=0xffffff45 fr.pc=0x00000243ea4ca3c0 relative=0x0000000000000740
Event: 6.225 Thread 0x00000243ff0d1000 Uncommon trap: reason=unstable_if action=reinterpret pc=0x00000243ea4ca3c0 method=java.lang.Character.isSurrogate(C)Z @ 3 c2
Event: 6.225 Thread 0x00000243ff0d1000 DEOPT PACKING pc=0x00000243ea4ca3c0 sp=0x000000bb87cfbec0
Event: 6.225 Thread 0x00000243ff0d1000 DEOPT UNPACKING pc=0x00000243e29e912f sp=0x000000bb87cfbde8 mode 2
Event: 6.245 Thread 0x00000243ff0d1000 Uncommon trap: trap_request=0xffffff45 fr.pc=0x00000243ea4cd52c relative=0x000000000000010c
Event: 6.245 Thread 0x00000243ff0d1000 Uncommon trap: reason=unstable_if action=reinterpret pc=0x00000243ea4cd52c method=java.lang.ref.SoftReference.get()Ljava/lang/Object; @ 17 c2
Event: 6.245 Thread 0x00000243ff0d1000 DEOPT PACKING pc=0x00000243ea4cd52c sp=0x000000bb87cfc170
Event: 6.245 Thread 0x00000243ff0d1000 DEOPT UNPACKING pc=0x00000243e29e912f sp=0x000000bb87cfc120 mode 2
Event: 6.250 Thread 0x00000243ff0d1000 Uncommon trap: trap_request=0xffffff45 fr.pc=0x00000243ea4c5208 relative=0x00000000000001a8
Event: 6.250 Thread 0x00000243ff0d1000 Uncommon trap: reason=unstable_if action=reinterpret pc=0x00000243ea4c5208 method=sun.font.TrueTypeFont.getDirectoryEntry(I)Lsun/font/TrueTypeFont$DirectoryEntry; @ 7 c2
Event: 6.250 Thread 0x00000243ff0d1000 DEOPT PACKING pc=0x00000243ea4c5208 sp=0x000000bb87cfc710
Event: 6.250 Thread 0x00000243ff0d1000 DEOPT UNPACKING pc=0x00000243e29e912f sp=0x000000bb87cfc6b0 mode 2
Event: 7.231 Thread 0x00000243ff0d1000 Uncommon trap: trap_request=0xffffffde fr.pc=0x00000243ea4bb2ac relative=0x000000000000018c
Event: 7.231 Thread 0x00000243ff0d1000 Uncommon trap: reason=class_check action=maybe_recompile pc=0x00000243ea4bb2ac method=java.lang.String.equals(Ljava/lang/Object;)Z @ 8 c2
Event: 7.231 Thread 0x00000243ff0d1000 DEOPT PACKING pc=0x00000243ea4bb2ac sp=0x000000bb87cfdc60
Event: 7.231 Thread 0x00000243ff0d1000 DEOPT UNPACKING pc=0x00000243e29e912f sp=0x000000bb87cfdbf8 mode 2

Classes unloaded (0 events):
No events

Classes redefined (0 events):
No events

Internal exceptions (20 events):
Event: 0.243 Thread 0x00000243da1f5000 Exception <a 'java/lang/ClassNotFoundException'{0x00000007119b3f88}: com/sun/swing/internal/plaf/basic/resources/spi/basicProvider> (0x00000007119b3f88) 
thrown [./open/src/hotspot/share/classfile/systemDictionary.cpp, line 226]
Event: 0.346 Thread 0x00000243da1f5000 Exception <a 'java/io/FileNotFoundException'{0x00000007115452e0}> (0x00000007115452e0) 
thrown [./open/src/hotspot/share/prims/jni.cpp, line 599]
Event: 3.159 Thread 0x00000243da1f5000 Exception <a 'java/io/FileNotFoundException'{0x0000000711557058}> (0x0000000711557058) 
thrown [./open/src/hotspot/share/prims/jni.cpp, line 599]
Event: 3.160 Thread 0x00000243da1f5000 Exception <a 'java/io/FileNotFoundException'{0x00000007115662a8}> (0x00000007115662a8) 
thrown [./open/src/hotspot/share/prims/jni.cpp, line 599]
Event: 5.970 Thread 0x00000243da1f5000 Exception <a 'java/io/FileNotFoundException'{0x00000007115ed918}> (0x00000007115ed918) 
thrown [./open/src/hotspot/share/prims/jni.cpp, line 599]
Event: 5.979 Thread 0x00000243da1f5000 Exception <a 'java/io/FileNotFoundException'{0x000000071143f180}> (0x000000071143f180) 
thrown [./open/src/hotspot/share/prims/jni.cpp, line 599]
Event: 6.037 Thread 0x00000243da1f5000 Exception <a 'java/lang/NoSuchMethodError'{0x00000007113638b0}: 'void java.lang.invoke.DirectMethodHandle$Holder.invokeStaticInit(java.lang.Object)'> (0x00000007113638b0) 
thrown [./open/src/hotspot/share/interpreter/linkResolver.cpp, line 766]
Event: 6.041 Thread 0x00000243da1f5000 Exception <a 'java/lang/NoSuchMethodError'{0x0000000711207980}: 'java.lang.Object java.lang.invoke.Invokers$Holder.linkToTargetMethod(java.lang.Object, int, java.lang.Object)'> (0x0000000711207980) 
thrown [./open/src/hotspot/share/interpreter/linkResolver.cpp, line 766]
Event: 8.903 Thread 0x00000243ff0d1000 Exception <a 'java/lang/NoSuchMethodError'{0x0000000711c23068}: 'java.lang.Object java.lang.invoke.DirectMethodHandle$Holder.invokeStatic(java.lang.Object, java.lang.Object, java.lang.Object, java.lang.Object, java.lang.Object, java.lang.Object, java.lang.Object, java.lang.Object, java.lang.Object, java.lang.Object, java.lang.Object, java.lang.Object, java.lang.Object, java.lang.Object, java.lang.Object)'> (0x0000000711c23068) 
thrown [./open/src/hotspot/share/interpreter/linkResolver.cpp, line 766]
Event: 8.904 Thread 0x00000243ff0d1000 Exception <a 'java/lang/NoSuchMethodError'{0x0000000711c30a68}: 'java.lang.Object java.lang.invoke.DirectMethodHandle$Holder.invokeStatic(java.lang.Object, java.lang.Object, java.lang.Object, java.lang.Object, java.lang.Object, java.lang.Object, java.lang.Object, java.lang.Object, java.lang.Object, java.lang.Object, java.lang.Object, java.lang.Object, java.lang.Object, java.lang.Object, java.lang.Object, java.lang.Object)'> (0x0000000711c30a68) 
thrown [./open/src/hotspot/share/interpreter/linkResolver.cpp
Event: 8.904 Thread 0x00000243ff0d1000 Exception <a 'java/lang/NoSuchMethodError'{0x0000000711c3d290}: 'java.lang.Object java.lang.invoke.DirectMethodHandle$Holder.invokeSpecial(java.lang.Object, java.lang.Object, long, java.lang.Object, int, int, int, int, java.lang.Object, java.lang.Object, java.lang.Object)'> (0x0000000711c3d290) 
thrown [./open/src/hotspot/share/interpreter/linkResolver.cpp, line 766]
Event: 8.905 Thread 0x00000243ff0d1000 Exception <a 'java/lang/NoSuchMethodError'{0x0000000711c40a28}: 'java.lang.Object java.lang.invoke.DelegatingMethodHandle$Holder.reinvoke_L(java.lang.Object, long, java.lang.Object, int, int, int, int, java.lang.Object, java.lang.Object, java.lang.Object)'> (0x0000000711c40a28) 
thrown [./open/src/hotspot/share/interpreter/linkResolver.cpp, line 766]
Event: 8.910 Thread 0x00000243ff0d1000 Exception <a 'java/lang/NoSuchMethodError'{0x0000000711c9cb78}: 'java.lang.Object java.lang.invoke.DirectMethodHandle$Holder.invokeSpecial(java.lang.Object, java.lang.Object, long, java.lang.Object, java.lang.Object, java.lang.Object, java.lang.Object, int, java.lang.Object, java.lang.Object, java.lang.Object)'> (0x0000000711c9cb78) 
thrown [./open/src/hotspot/share/interpreter/linkResolver.cpp, line 766]
Event: 8.910 Thread 0x00000243ff0d1000 Exception <a 'java/lang/NoSuchMethodError'{0x0000000711ca05b8}: 'java.lang.Object java.lang.invoke.DelegatingMethodHandle$Holder.reinvoke_L(java.lang.Object, long, java.lang.Object, java.lang.Object, java.lang.Object, java.lang.Object, int, java.lang.Object, java.lang.Object, java.lang.Object)'> (0x0000000711ca05b8) 
thrown [./open/src/hotspot/share/interpreter/linkResolver.cpp, line 766]
Event: 8.917 Thread 0x00000243ff0d1000 Exception <a 'java/lang/NoSuchMethodError'{0x0000000711b28338}: 'java.lang.Object java.lang.invoke.DelegatingMethodHandle$Holder.reinvoke_L(java.lang.Object, java.lang.Object, long, java.lang.Object, java.lang.Object, java.lang.Object, java.lang.Object, java.lang.Object, java.lang.Object, java.lang.Object, java.lang.Object, java.lang.Object, java.lang.Object, java.lang.Object, java.lang.Object, java.lang.Object)'> (0x0000000711b28338) 
thrown [./open/src/hotspot/share/interpreter/linkResolver.cpp, line 766
Event: 8.921 Thread 0x00000243ff0d1000 Exception <a 'java/lang/NoSuchMethodError'{0x0000000711b67460}: 'java.lang.Object java.lang.invoke.DirectMethodHandle$Holder.invokeSpecial(java.lang.Object, java.lang.Object, long, java.lang.Object, java.lang.Object, java.lang.Object, java.lang.Object, java.lang.Object, java.lang.Object, java.lang.Object, java.lang.Object, java.lang.Object, java.lang.Object, java.lang.Object, java.lang.Object, java.lang.Object)'> (0x0000000711b67460) 
thrown [./open/src/hotspot/share/interpreter/linkResolver.cpp, line 766]
Event: 8.921 Thread 0x00000243ff0d1000 Exception <a 'java/lang/NoSuchMethodError'{0x0000000711b6b9a0}: 'java.lang.Object java.lang.invoke.DelegatingMethodHandle$Holder.reinvoke_L(java.lang.Object, long, java.lang.Object, java.lang.Object, java.lang.Object, java.lang.Object, java.lang.Object, java.lang.Object, java.lang.Object, java.lang.Object, java.lang.Object, java.lang.Object, java.lang.Object, java.lang.Object, java.lang.Object)'> (0x0000000711b6b9a0) 
thrown [./open/src/hotspot/share/interpreter/linkResolver.cpp, line 766]
Event: 8.922 Thread 0x00000243ff0d1000 Exception <a 'java/lang/NoSuchMethodError'{0x0000000711b82290}: 'java.lang.Object java.lang.invoke.DirectMethodHandle$Holder.invokeSpecial(java.lang.Object, java.lang.Object, java.lang.Object, java.lang.Object, java.lang.Object, java.lang.Object, java.lang.Object, java.lang.Object, java.lang.Object, java.lang.Object, java.lang.Object, java.lang.Object, java.lang.Object, java.lang.Object, java.lang.Object)'> (0x0000000711b82290) 
thrown [./open/src/hotspot/share/interpreter/linkResolver.cpp, line 766]
Event: 8.923 Thread 0x00000243ff0d1000 Exception <a 'java/lang/NoSuchMethodError'{0x0000000711b85d70}: 'java.lang.Object java.lang.invoke.Invokers$Holder.linkToTargetMethod(java.lang.Object, java.lang.Object, java.lang.Object, java.lang.Object, java.lang.Object, java.lang.Object, java.lang.Object, java.lang.Object, java.lang.Object, java.lang.Object, java.lang.Object, java.lang.Object, java.lang.Object, java.lang.Object)'> (0x0000000711b85d70) 
thrown [./open/src/hotspot/share/interpreter/linkResolver.cpp, line 766]
Event: 8.926 Thread 0x00000243ff0d1000 Exception <a 'java/lang/NoSuchMethodError'{0x0000000711bc2238}: 'java.lang.Object java.lang.invoke.DelegatingMethodHandle$Holder.reinvoke_L(java.lang.Object, java.lang.Object, int, int, int, int)'> (0x0000000711bc2238) 
thrown [./open/src/hotspot/share/interpreter/linkResolver.cpp, line 766]

Events (20 events):
Event: 35.322 Executing VM operation: GetStackTrace
Event: 35.322 Executing VM operation: GetStackTrace done
Event: 35.440 Executing VM operation: GetFrameCount
Event: 35.440 Executing VM operation: GetFrameCount done
Event: 35.440 Executing VM operation: SetFramePop
Event: 35.440 Executing VM operation: SetFramePop done
Event: 35.440 Executing VM operation: GetFrameLocation
Event: 35.440 Executing VM operation: GetFrameLocation done
Event: 35.440 Executing VM operation: GetCurrentLocation
Event: 35.440 Executing VM operation: GetCurrentLocation done
Event: 35.441 Executing VM operation: ChangeSingleStep
Event: 35.441 Executing VM operation: ChangeSingleStep done
Event: 35.441 Executing VM operation: ChangeSingleStep
Event: 35.441 Executing VM operation: ChangeSingleStep done
Event: 35.441 Executing VM operation: GetCurrentLocation
Event: 35.441 Executing VM operation: GetCurrentLocation done
Event: 35.441 Executing VM operation: ChangeSingleStep
Event: 35.441 Executing VM operation: ChangeSingleStep done
Event: 35.441 Executing VM operation: ChangeSingleStep
Event: 35.441 Executing VM operation: ChangeSingleStep done


Dynamic libraries:
0x00007ff6459b0000 - 0x00007ff6459bf000 	D:\Java\jdk-14.0.2\bin\java.exe
0x00007ffa1e430000 - 0x00007ffa1e625000 	C:\WINDOWS\SYSTEM32\ntdll.dll
0x00007ffa1c610000 - 0x00007ffa1c6cd000 	C:\WINDOWS\System32\KERNEL32.DLL
0x00007ffa1bb70000 - 0x00007ffa1be39000 	C:\WINDOWS\System32\KERNELBASE.dll
0x00007ffa1bf20000 - 0x00007ffa1c020000 	C:\WINDOWS\System32\ucrtbase.dll
0x00007ffa168f0000 - 0x00007ffa16908000 	D:\Java\jdk-14.0.2\bin\jli.dll
0x00007ffa16cd0000 - 0x00007ffa16ce5000 	D:\Java\jdk-14.0.2\bin\VCRUNTIME140.dll
0x00007ffa1c8d0000 - 0x00007ffa1c97c000 	C:\WINDOWS\System32\ADVAPI32.dll
0x00007ffa1d590000 - 0x00007ffa1d62e000 	C:\WINDOWS\System32\msvcrt.dll
0x00007ffa1d660000 - 0x00007ffa1d6fc000 	C:\WINDOWS\System32\sechost.dll
0x00007ffa1caa0000 - 0x00007ffa1cbcb000 	C:\WINDOWS\System32\RPCRT4.dll
0x00007ffa1c6d0000 - 0x00007ffa1c870000 	C:\WINDOWS\System32\USER32.dll
0x00007ffa1bef0000 - 0x00007ffa1bf12000 	C:\WINDOWS\System32\win32u.dll
0x00007ffa1dc50000 - 0x00007ffa1dc7a000 	C:\WINDOWS\System32\GDI32.dll
0x00007ffa0a9c0000 - 0x00007ffa0ac5a000 	C:\WINDOWS\WinSxS\amd64_microsoft.windows.common-controls_6595b64144ccf1df_6.0.19041.844_none_ca00b6081b84eb1d\COMCTL32.dll
0x00007ffa1c020000 - 0x00007ffa1c12b000 	C:\WINDOWS\System32\gdi32full.dll
0x00007ffa1c130000 - 0x00007ffa1c1cd000 	C:\WINDOWS\System32\msvcp_win.dll
0x00007ffa16e60000 - 0x00007ffa16e6a000 	C:\WINDOWS\SYSTEM32\VERSION.dll
0x00007ffa1d630000 - 0x00007ffa1d660000 	C:\WINDOWS\System32\IMM32.DLL
0x00007ffa16850000 - 0x00007ffa168eb000 	D:\Java\jdk-14.0.2\bin\msvcp140.dll
0x00007ff9d8530000 - 0x00007ff9d904e000 	D:\Java\jdk-14.0.2\bin\server\jvm.dll
0x00007ffa1e350000 - 0x00007ffa1e358000 	C:\WINDOWS\System32\PSAPI.DLL
0x00007ffa0bed0000 - 0x00007ffa0bed9000 	C:\WINDOWS\SYSTEM32\WSOCK32.dll
0x00007ffa0f0c0000 - 0x00007ffa0f0e7000 	C:\WINDOWS\SYSTEM32\WINMM.dll
0x00007ffa1dbd0000 - 0x00007ffa1dc3b000 	C:\WINDOWS\System32\WS2_32.dll
0x00007ffa199d0000 - 0x00007ffa199e2000 	C:\WINDOWS\SYSTEM32\kernel.appcore.dll
0x00007ffa17710000 - 0x00007ffa1771a000 	D:\Java\jdk-14.0.2\bin\jimage.dll
0x00007ffa13390000 - 0x00007ffa13574000 	C:\WINDOWS\SYSTEM32\DBGHELP.DLL
0x00007ffa132a0000 - 0x00007ffa132cc000 	C:\WINDOWS\SYSTEM32\dbgcore.DLL
0x00007ffa1c220000 - 0x00007ffa1c2a0000 	C:\WINDOWS\System32\bcryptPrimitives.dll
0x00007ffa124e0000 - 0x00007ffa12518000 	D:\Java\jdk-14.0.2\bin\jdwp.dll
0x00007ffa163c0000 - 0x00007ffa163e5000 	D:\Java\jdk-14.0.2\bin\java.dll
0x00007ffa16830000 - 0x00007ffa1683e000 	D:\Java\jdk-14.0.2\bin\instrument.dll
0x00007ffa16640000 - 0x00007ffa16656000 	D:\Java\jdk-14.0.2\bin\zip.dll
0x00007ffa1cbd0000 - 0x00007ffa1d312000 	C:\WINDOWS\System32\SHELL32.dll
0x00007ffa19cb0000 - 0x00007ffa1a440000 	C:\WINDOWS\SYSTEM32\windows.storage.dll
0x00007ffa1de20000 - 0x00007ffa1e175000 	C:\WINDOWS\System32\combase.dll
0x00007ffa1b5e0000 - 0x00007ffa1b60c000 	C:\WINDOWS\SYSTEM32\Wldp.dll
0x00007ffa1c560000 - 0x00007ffa1c60e000 	C:\WINDOWS\System32\SHCORE.dll
0x00007ffa1d320000 - 0x00007ffa1d375000 	C:\WINDOWS\System32\shlwapi.dll
0x00007ffa1bab0000 - 0x00007ffa1bacf000 	C:\WINDOWS\SYSTEM32\profapi.dll
0x00007ffa16540000 - 0x00007ffa1654b000 	D:\Java\jdk-14.0.2\bin\dt_socket.dll
0x00007ffa1b000000 - 0x00007ffa1b03b000 	C:\WINDOWS\SYSTEM32\IPHLPAPI.DLL
0x00007ffa1b360000 - 0x00007ffa1b3ca000 	C:\WINDOWS\system32\mswsock.dll
0x00007ffa12fa0000 - 0x00007ffa12fb9000 	D:\Java\jdk-14.0.2\bin\net.dll
0x00007ffa11b90000 - 0x00007ffa11c9c000 	C:\WINDOWS\SYSTEM32\WINHTTP.dll
0x00007ffa126e0000 - 0x00007ffa126f2000 	D:\Java\jdk-14.0.2\bin\nio.dll
0x00007ff9e32f0000 - 0x00007ff9e3489000 	D:\Java\jdk-14.0.2\bin\awt.dll
0x00007ffa1c490000 - 0x00007ffa1c55d000 	C:\WINDOWS\System32\OLEAUT32.dll
0x00007ffa194c0000 - 0x00007ffa19550000 	C:\WINDOWS\SYSTEM32\apphelp.dll
0x00007ffa199a0000 - 0x00007ffa199cf000 	C:\WINDOWS\system32\DWMAPI.DLL
0x00007ffa195f0000 - 0x00007ffa1968e000 	C:\WINDOWS\system32\uxtheme.dll
0x00007ffa04c00000 - 0x00007ffa04d26000 	C:\WINDOWS\system32\opengl32.dll
0x00007ffa12d70000 - 0x00007ffa12d9c000 	C:\WINDOWS\SYSTEM32\GLU32.dll
0x00007ffa1c980000 - 0x00007ffa1ca95000 	C:\WINDOWS\System32\MSCTF.dll
0x00007ffa1e220000 - 0x00007ffa1e34a000 	C:\WINDOWS\System32\ole32.dll
0x00007ffa163b0000 - 0x00007ffa163c0000 	D:\Java\jdk-14.0.2\bin\verify.dll
0x0000000180000000 - 0x0000000180025000 	D:\Java\jdk-14.0.2\bin\rxtxSerial.dll
0x00007ffa12390000 - 0x00007ffa12412000 	D:\Java\jdk-14.0.2\bin\freetype.dll
0x00007ffa04b50000 - 0x00007ffa04bf6000 	D:\Java\jdk-14.0.2\bin\fontmanager.dll
0x00007ffa074f0000 - 0x00007ffa075eb000 	C:\WINDOWS\SYSTEM32\textinputframework.dll
0x00007ffa18f60000 - 0x00007ffa192be000 	C:\WINDOWS\System32\CoreUIComponents.dll
0x00007ffa192c0000 - 0x00007ffa193b2000 	C:\WINDOWS\System32\CoreMessaging.dll
0x00007ffa1a8a0000 - 0x00007ffa1a8d3000 	C:\WINDOWS\SYSTEM32\ntmarta.dll
0x00007ffa18890000 - 0x00007ffa189e4000 	C:\WINDOWS\SYSTEM32\wintypes.dll

dbghelp: loaded successfully - version: 4.0.5 - missing functions: none
symbol engine: initialized successfully - sym options: 0x614 - pdb path: .;D:\Java\jdk-14.0.2\bin;C:\WINDOWS\SYSTEM32;C:\WINDOWS\WinSxS\amd64_microsoft.windows.common-controls_6595b64144ccf1df_6.0.19041.844_none_ca00b6081b84eb1d;D:\Java\jdk-14.0.2\bin\server

VM Arguments:
jvm_args: -agentlib:jdwp=transport=dt_socket,address=127.0.0.1:60939,suspend=y,server=n -javaagent:C:\Users\86133\AppData\Local\JetBrains\IntelliJIdea2020.2\captureAgent\debugger-agent.jar -Dfile.encoding=UTF-8 
java_command: mainApplication
java_class_path (initial): E:\DebugLabelHelper\out\production\DebugLabelHelper;D:\mfz-rxtx-2.2-20081207-win-x64\RXTXcomm.jar;D:\JetBrains\IntelliJ IDEA 2020.2.2\lib\idea_rt.jar
Launcher Type: SUN_STANDARD

[Global flags]
     intx CICompilerCount                          = 4                                         {product} {ergonomic}
     uint ConcGCThreads                            = 3                                         {product} {ergonomic}
     uint G1ConcRefinementThreads                  = 10                                        {product} {ergonomic}
   size_t G1HeapRegionSize                         = 1048576                                   {product} {ergonomic}
    uintx GCDrainStackTargetSize                   = 64                                        {product} {ergonomic}
   size_t InitialHeapSize                          = 266338304                                 {product} {ergonomic}
   size_t MarkStackSize                            = 4194304                                   {product} {ergonomic}
   size_t MaxHeapSize                              = 4259315712                                {product} {ergonomic}
   size_t MaxNewSize                               = 2555379712                                {product} {ergonomic}
   size_t MinHeapDeltaBytes                        = 1048576                                   {product} {ergonomic}
   size_t MinHeapSize                              = 8388608                                   {product} {ergonomic}
    uintx NonNMethodCodeHeapSize                   = 5839372                                {pd product} {ergonomic}
    uintx NonProfiledCodeHeapSize                  = 122909434                              {pd product} {ergonomic}
    uintx ProfiledCodeHeapSize                     = 122909434                              {pd product} {ergonomic}
    uintx ReservedCodeCacheSize                    = 251658240                              {pd product} {ergonomic}
     bool SegmentedCodeCache                       = true                                      {product} {ergonomic}
   size_t SoftMaxHeapSize                          = 4259315712                             {manageable} {ergonomic}
     bool UseCompressedClassPointers               = true                                 {lp64_product} {ergonomic}
     bool UseCompressedOops                        = true                                 {lp64_product} {ergonomic}
     bool UseG1GC                                  = true                                      {product} {ergonomic}
     bool UseLargePagesIndividualAllocation        = false                                  {pd product} {ergonomic}

Logging:
Log output configuration:
 #0: stdout all=warning uptime,level,tags
 #1: stderr all=off uptime,level,tags

Environment Variables:
JAVA_HOME=D:\Java\jdk-14.0.2
PATH=C:\Windows\System32;C:\Windows;C:\Windows\System32\Wbem;C:\Windows\System32\WindowsPowerShell\v1.0\;C:\Windows\System32\OpenSSH\;C:\Program Files (x86)\NVIDIA Corporation\PhysX\Common;C:\Program Files\Intel\WiFi\bin\;C:\Program Files\Common Files\Intel\WirelessCommon\;C:\Program Files (x86)\Intel\Intel(R) Management Engine Components\DAL;C:\Program Files\Intel\Intel(R) Management Engine Components\DAL;C:\Program Files (x86)\Dev-Cpp\MinGW64\bin;D:\Git\cmd;D:\Java\jdk-14.0.2\bin;C:\WINDOWS\system32;C:\WINDOWS;C:\WINDOWS\System32\Wbem;C:\WINDOWS\System32\WindowsPowerShell\v1.0\;C:\WINDOWS\System32\OpenSSH\;D:\maven\apache-maven-3.6.3-bin\bin;C:\Program Files\MySQL\MySQL Server 8.0\bin;D:\mysql-connector-java-8.0.23\mysql-connector-java-8.0.23.jar;D:\PYTHON\Scripts\;D:\PYTHON\;C:\Program Files\MySQL\MySQL Shell 8.0\bin\;C:\Users\86133\AppData\Local\Microsoft\WindowsApps;C:\Program Files\Bandizip\;D:\Latex\texlive\2019\bin\win32;C:\Program Files\Intel\WiFi\bin\;C:\Program Files\Common Files\Intel\WirelessCommon\;"C:\Windows\system32;C:\Windows;C:\Windows\System32\Wbem";D:\FIDDLER;D:\Microsoft VS Code\bin;D:\JetBrains\IntelliJ IDEA Community Edition 2020.2.1\bin;;C:\Users\86133\AppData\Local\Microsoft\WindowsApps;;D:\JetBrains\PyCharm Community Edition 2020.3.2\bin;
USERNAME=Melancholy
OS=Windows_NT
PROCESSOR_IDENTIFIER=Intel64 Family 6 Model 158 Stepping 10, GenuineIntel



---------------  S Y S T E M  ---------------

OS: Windows 10 , 64 bit Build 19041 (10.0.19041.804)
OS uptime: 6 days 5:11 hours

CPU:total 12 (initial active 12) (6 cores per cpu, 2 threads per core) family 6 model 158 stepping 10, cmov, cx8, fxsr, mmx, sse, sse2, sse3, ssse3, sse4.1, sse4.2, popcnt, avx, avx2, aes, clmul, erms, 3dnowpref, lzcnt, ht, tsc, tscinvbit, bmi1, bmi2, adx, fma

Memory: 4k page, system-wide physical 16241M (8508M free)
TotalPageFile size 17265M (AvailPageFile size 2886M)
current process WorkingSet (physical memory assigned to process): 93M, peak: 115M
current process commit charge ("private bytes"): 368M, peak: 390M

vm_info: Java HotSpot(TM) 64-Bit Server VM (14.0.2+12-46) for windows-amd64 JRE (14.0.2+12-46), built on Jul  9 2020 00:35:52 by "mach5one" with MS VC++ 15.9 (VS2017)

END.
